Using pre-set license
Built from '2020.3/release' branch; Version is '2020.3.1f1 (77a89f25062f) revision 7841951'; Using compiler version '192528614'; Build Type 'Release'
OS: 'Windows 10 Home; OS build 19042.1237; Version 2009; 64bit' Language: 'es' Physical Memory: 16274 MB
BatchMode: 1, IsHumanControllingUs: 0, StartBugReporterOnCrash: 0, Is64bit: 1, IsPro: 0

 COMMAND LINE ARGUMENTS:
C:\Program Files\Unity\Hub\Editor\2020.3.1f1\Editor\Unity.exe
-adb2
-batchMode
-noUpm
-name
AssetImportWorker0
-projectPath
J:/Clase/RPMI/GitHub/PR01-DEIM/Ejercicio 1
-logFile
Logs/AssetImportWorker0.log
-srvPort
65372
Successfully changed project path to: J:/Clase/RPMI/GitHub/PR01-DEIM/Ejercicio 1
J:/Clase/RPMI/GitHub/PR01-DEIM/Ejercicio 1
Using Asset Import Pipeline V2.
Refreshing native plugins compatible for Editor in 19.04 ms, found 0 plugins.
Preloading 0 native plugins for Editor in 0.00 ms.
Initialize engine version: 2020.3.1f1 (77a89f25062f)
[Subsystems] Discovering subsystems at path C:/Program Files/Unity/Hub/Editor/2020.3.1f1/Editor/Data/Resources/UnitySubsystems
[Subsystems] Discovering subsystems at path J:/Clase/RPMI/GitHub/PR01-DEIM/Ejercicio 1/Assets
GfxDevice: creating device client; threaded=0
Direct3D:
    Version:  Direct3D 11.0 [level 11.1]
    Renderer: NVIDIA GeForce GTX 1060 3GB (ID=0x1c02)
    Vendor:   
    VRAM:     2988 MB
    Driver:   30.0.14.7196
Initialize mono
Mono path[0] = 'C:/Program Files/Unity/Hub/Editor/2020.3.1f1/Editor/Data/Managed'
Mono path[1] = 'C:/Program Files/Unity/Hub/Editor/2020.3.1f1/Editor/Data/MonoBleedingEdge/lib/mono/unityjit'
Mono config path = 'C:/Program Files/Unity/Hub/Editor/2020.3.1f1/Editor/Data/MonoBleedingEdge/etc'
Using monoOptions --debugger-agent=transport=dt_socket,embedding=1,server=y,suspend=n,address=127.0.0.1:56432
Begin MonoManager ReloadAssembly
Registering precompiled unity dll's ...
Register platform support module: C:/Program Files/Unity/Hub/Editor/2020.3.1f1/Editor/Data/PlaybackEngines/WindowsStandaloneSupport/UnityEditor.WindowsStandalone.Extensions.dll
Registered in 0.001857 seconds.
Native extension for WindowsStandalone target not found
Refreshing native plugins compatible for Editor in 19.10 ms, found 0 plugins.
Preloading 0 native plugins for Editor in 0.00 ms.
Invoked RoslynAnalysisRunner static constructor.
RoslynAnalysisRunner will not be running.
RoslynAnalysisRunner has terminated.
Mono: successfully reloaded assembly
- Completed reload, in  0.934 seconds
Platform modules already initialized, skipping
Registering precompiled user dll's ...
Registered in 0.000579 seconds.
Begin MonoManager ReloadAssembly
Native extension for WindowsStandalone target not found
Refreshing native plugins compatible for Editor in 0.17 ms, found 0 plugins.
Preloading 0 native plugins for Editor in 0.00 ms.
Invoked RoslynAnalysisRunner static constructor.
RoslynAnalysisRunner will not be running.
RoslynAnalysisRunner has terminated.
Mono: successfully reloaded assembly
- Completed reload, in  0.684 seconds
Platform modules already initialized, skipping
========================================================================
Worker process is ready to serve import requests
Launched and connected shader compiler UnityShaderCompiler.exe after 0.05 seconds
Refreshing native plugins compatible for Editor in 0.33 ms, found 0 plugins.
Preloading 0 native plugins for Editor in 0.00 ms.
Unloading 1124 Unused Serialized files (Serialized files now loaded: 0)
System memory in use before: 57.1 MB.
System memory in use after: 57.1 MB.

Unloading 9 unused Assets to reduce memory usage. Loaded Objects now: 1567.
Total: 1.802500 ms (FindLiveObjects: 0.148500 ms CreateObjectMapping: 0.055400 ms MarkObjects: 1.541500 ms  DeleteObjects: 0.055700 ms)

========================================================================
Received Import Request.
  path: Assets/Scenes
  artifactKey: Guid(bdaba811a9e20f14e8701de99de8a8f1) Importer(815301076,1909f56bfc062723c751e8b465ee728b)
Start importing Assets/Scenes using Guid(bdaba811a9e20f14e8701de99de8a8f1) Importer(815301076,1909f56bfc062723c751e8b465ee728b)  -> (artifact id: '83be508079f75157da2bf548d78c6c0f') in 0.010243 seconds
  Import took 0.011811 seconds .

========================================================================
Received Import Request.
  Time since last request: 0.000153 seconds.
  path: Assets/Scenes/SampleScene.unity
  artifactKey: Guid(9fc0d4010bbf28b4594072e72b8655ab) Importer(815301076,1909f56bfc062723c751e8b465ee728b)
Start importing Assets/Scenes/SampleScene.unity using Guid(9fc0d4010bbf28b4594072e72b8655ab) Importer(815301076,1909f56bfc062723c751e8b465ee728b)  -> (artifact id: '960c9452ae424b83c58e30d83d72560b') in 0.011976 seconds
  Import took 0.013521 seconds .

========================================================================
Received Import Request.
  Time since last request: 1.321599 seconds.
  path: Assets/Scripts
  artifactKey: Guid(6261e5fdfe1c1e240be11ac413e3b294) Importer(815301076,1909f56bfc062723c751e8b465ee728b)
Start importing Assets/Scripts using Guid(6261e5fdfe1c1e240be11ac413e3b294) Importer(815301076,1909f56bfc062723c751e8b465ee728b)  -> (artifact id: '28a4c3f9940fcdb5313a440c6884acf2') in 0.006826 seconds
  Import took 0.008703 seconds .

========================================================================
Received Import Request.
  Time since last request: 29.655009 seconds.
  path: Assets/Scripts/Ejercicio4b.cs
  artifactKey: Guid(652ba15fbde0d1944935ca886ea045b8) Importer(815301076,1909f56bfc062723c751e8b465ee728b)
Start importing Assets/Scripts/Ejercicio4b.cs using Guid(652ba15fbde0d1944935ca886ea045b8) Importer(815301076,1909f56bfc062723c751e8b465ee728b)  -> (artifact id: 'cf540e84452947268897713b249ca883') in 0.018920 seconds
  Import took 0.020467 seconds .

========================================================================
Received Prepare
Registering precompiled user dll's ...
Registered in 0.000531 seconds.
Begin MonoManager ReloadAssembly
Native extension for WindowsStandalone target not found
Refreshing native plugins compatible for Editor in 0.17 ms, found 0 plugins.
Preloading 0 native plugins for Editor in 0.00 ms.
Invoked RoslynAnalysisRunner static constructor.
RoslynAnalysisRunner will not be running.
RoslynAnalysisRunner has terminated.
Mono: successfully reloaded assembly
- Completed reload, in  0.640 seconds
Platform modules already initialized, skipping
Refreshing native plugins compatible for Editor in 0.17 ms, found 0 plugins.
Preloading 0 native plugins for Editor in 0.00 ms.
Unloading 1118 Unused Serialized files (Serialized files now loaded: 0)
System memory in use before: 57.0 MB.
System memory in use after: 57.1 MB.

Unloading 4 unused Assets to reduce memory usage. Loaded Objects now: 1570.
Total: 1.300700 ms (FindLiveObjects: 0.124400 ms CreateObjectMapping: 0.038900 ms MarkObjects: 1.123800 ms  DeleteObjects: 0.012900 ms)

========================================================================
Received Import Request.
  Time since last request: 402.011122 seconds.
  path: Assets/Scripts/Ejercicio4b.cs
  artifactKey: Guid(652ba15fbde0d1944935ca886ea045b8) Importer(815301076,1909f56bfc062723c751e8b465ee728b)
Start importing Assets/Scripts/Ejercicio4b.cs using Guid(652ba15fbde0d1944935ca886ea045b8) Importer(815301076,1909f56bfc062723c751e8b465ee728b)  -> (artifact id: '26aad1ecb3816503fb80bfd4e8f8c807') in 0.008598 seconds
  Import took 0.013002 seconds .

========================================================================
Received Prepare
Registering precompiled user dll's ...
Registered in 0.000719 seconds.
Begin MonoManager ReloadAssembly
Native extension for WindowsStandalone target not found
Refreshing native plugins compatible for Editor in 0.17 ms, found 0 plugins.
Preloading 0 native plugins for Editor in 0.00 ms.
Invoked RoslynAnalysisRunner static constructor.
RoslynAnalysisRunner will not be running.
RoslynAnalysisRunner has terminated.
Mono: successfully reloaded assembly
- Completed reload, in  0.646 seconds
Platform modules already initialized, skipping
Refreshing native plugins compatible for Editor in 0.18 ms, found 0 plugins.
Preloading 0 native plugins for Editor in 0.00 ms.
Unloading 1118 Unused Serialized files (Serialized files now loaded: 0)
System memory in use before: 57.0 MB.
System memory in use after: 57.1 MB.

Unloading 4 unused Assets to reduce memory usage. Loaded Objects now: 1573.
Total: 1.539400 ms (FindLiveObjects: 0.115700 ms CreateObjectMapping: 0.030900 ms MarkObjects: 1.379800 ms  DeleteObjects: 0.012000 ms)

========================================================================
Received Prepare
Registering precompiled user dll's ...
Registered in 0.000543 seconds.
Begin MonoManager ReloadAssembly
Native extension for WindowsStandalone target not found
Refreshing native plugins compatible for Editor in 0.18 ms, found 0 plugins.
Preloading 0 native plugins for Editor in 0.00 ms.
Invoked RoslynAnalysisRunner static constructor.
RoslynAnalysisRunner will not be running.
RoslynAnalysisRunner has terminated.
Mono: successfully reloaded assembly
- Completed reload, in  0.749 seconds
Platform modules already initialized, skipping
Refreshing native plugins compatible for Editor in 0.18 ms, found 0 plugins.
Preloading 0 native plugins for Editor in 0.00 ms.
Unloading 1118 Unused Serialized files (Serialized files now loaded: 0)
System memory in use before: 57.0 MB.
System memory in use after: 57.1 MB.

Unloading 4 unused Assets to reduce memory usage. Loaded Objects now: 1576.
Total: 1.487100 ms (FindLiveObjects: 0.133000 ms CreateObjectMapping: 0.030300 ms MarkObjects: 1.312500 ms  DeleteObjects: 0.010400 ms)

========================================================================
Received Prepare
Registering precompiled user dll's ...
Registered in 0.000495 seconds.
Begin MonoManager ReloadAssembly
Native extension for WindowsStandalone target not found
Refreshing native plugins compatible for Editor in 0.18 ms, found 0 plugins.
Preloading 0 native plugins for Editor in 0.00 ms.
Invoked RoslynAnalysisRunner static constructor.
RoslynAnalysisRunner will not be running.
RoslynAnalysisRunner has terminated.
Mono: successfully reloaded assembly
- Completed reload, in  0.653 seconds
Platform modules already initialized, skipping
Refreshing native plugins compatible for Editor in 0.17 ms, found 0 plugins.
Preloading 0 native plugins for Editor in 0.00 ms.
Unloading 1118 Unused Serialized files (Serialized files now loaded: 0)
System memory in use before: 57.0 MB.
System memory in use after: 57.1 MB.

Unloading 4 unused Assets to reduce memory usage. Loaded Objects now: 1579.
Total: 1.536700 ms (FindLiveObjects: 0.149600 ms CreateObjectMapping: 0.042300 ms MarkObjects: 1.329900 ms  DeleteObjects: 0.013000 ms)

========================================================================
Received Import Request.
  Time since last request: 392.681915 seconds.
  path: Assets/Scripts/Ejercicio4bc.cs
  artifactKey: Guid(652ba15fbde0d1944935ca886ea045b8) Importer(815301076,1909f56bfc062723c751e8b465ee728b)
Start importing Assets/Scripts/Ejercicio4bc.cs using Guid(652ba15fbde0d1944935ca886ea045b8) Importer(815301076,1909f56bfc062723c751e8b465ee728b)  -> (artifact id: 'c1d0d4a0bf1d55356cb9ad8c9638f13a') in 0.006273 seconds
  Import took 0.007861 seconds .

========================================================================
Received Import Request.
  Time since last request: 0.000681 seconds.
  path: Assets/Scripts/Ejercicio4bc.cs
  artifactKey: Guid(652ba15fbde0d1944935ca886ea045b8) Importer(815301076,1909f56bfc062723c751e8b465ee728b)
Start importing Assets/Scripts/Ejercicio4bc.cs using Guid(652ba15fbde0d1944935ca886ea045b8) Importer(815301076,1909f56bfc062723c751e8b465ee728b)  -> (artifact id: 'c1d0d4a0bf1d55356cb9ad8c9638f13a') in 0.001390 seconds
  Import took 0.002878 seconds .

========================================================================
Received Prepare
Registering precompiled user dll's ...
Registered in 0.000516 seconds.
Begin MonoManager ReloadAssembly
Native extension for WindowsStandalone target not found
Refreshing native plugins compatible for Editor in 0.18 ms, found 0 plugins.
Preloading 0 native plugins for Editor in 0.00 ms.
Invoked RoslynAnalysisRunner static constructor.
RoslynAnalysisRunner will not be running.
RoslynAnalysisRunner has terminated.
Mono: successfully reloaded assembly
- Completed reload, in  0.631 seconds
Platform modules already initialized, skipping
Refreshing native plugins compatible for Editor in 0.18 ms, found 0 plugins.
Preloading 0 native plugins for Editor in 0.00 ms.
Unloading 1118 Unused Serialized files (Serialized files now loaded: 0)
System memory in use before: 57.0 MB.
System memory in use after: 57.1 MB.

Unloading 4 unused Assets to reduce memory usage. Loaded Objects now: 1582.
Total: 1.890200 ms (FindLiveObjects: 0.137800 ms CreateObjectMapping: 0.033100 ms MarkObjects: 1.704400 ms  DeleteObjects: 0.013800 ms)

========================================================================
Received Prepare
Registering precompiled user dll's ...
Registered in 0.000543 seconds.
Begin MonoManager ReloadAssembly
Native extension for WindowsStandalone target not found
Refreshing native plugins compatible for Editor in 0.18 ms, found 0 plugins.
Preloading 0 native plugins for Editor in 0.00 ms.
Invoked RoslynAnalysisRunner static constructor.
RoslynAnalysisRunner will not be running.
RoslynAnalysisRunner has terminated.
Mono: successfully reloaded assembly
- Completed reload, in  0.620 seconds
Platform modules already initialized, skipping
Refreshing native plugins compatible for Editor in 0.20 ms, found 0 plugins.
Preloading 0 native plugins for Editor in 0.00 ms.
Unloading 1118 Unused Serialized files (Serialized files now loaded: 0)
System memory in use before: 57.0 MB.
System memory in use after: 57.1 MB.

Unloading 4 unused Assets to reduce memory usage. Loaded Objects now: 1585.
Total: 1.396800 ms (FindLiveObjects: 0.108800 ms CreateObjectMapping: 0.027600 ms MarkObjects: 1.250300 ms  DeleteObjects: 0.009300 ms)

========================================================================
Received Import Request.
  Time since last request: 14.924985 seconds.
  path: Assets/Scripts/Ejercicio4bc.cs
  artifactKey: Guid(652ba15fbde0d1944935ca886ea045b8) Importer(815301076,1909f56bfc062723c751e8b465ee728b)
Start importing Assets/Scripts/Ejercicio4bc.cs using Guid(652ba15fbde0d1944935ca886ea045b8) Importer(815301076,1909f56bfc062723c751e8b465ee728b)  -> (artifact id: 'e67dce9d0870472281988f5abbeceb91') in 0.002919 seconds
  Import took 0.004326 seconds .

========================================================================
Received Import Request.
  Time since last request: 858.880898 seconds.
  path: Assets/Scripts/Ejercicio4b.cs
  artifactKey: Guid(652ba15fbde0d1944935ca886ea045b8) Importer(815301076,1909f56bfc062723c751e8b465ee728b)
Start importing Assets/Scripts/Ejercicio4b.cs using Guid(652ba15fbde0d1944935ca886ea045b8) Importer(815301076,1909f56bfc062723c751e8b465ee728b)  -> (artifact id: '92a7c22adef0eafaa17d834f12967072') in 0.001627 seconds
  Import took 0.003721 seconds .

========================================================================
Received Prepare
Registering precompiled user dll's ...
Registered in 0.000519 seconds.
Begin MonoManager ReloadAssembly
Native extension for WindowsStandalone target not found
Refreshing native plugins compatible for Editor in 0.18 ms, found 0 plugins.
Preloading 0 native plugins for Editor in 0.00 ms.
Invoked RoslynAnalysisRunner static constructor.
RoslynAnalysisRunner will not be running.
RoslynAnalysisRunner has terminated.
Mono: successfully reloaded assembly
- Completed reload, in  0.630 seconds
Platform modules already initialized, skipping
Refreshing native plugins compatible for Editor in 0.17 ms, found 0 plugins.
Preloading 0 native plugins for Editor in 0.00 ms.
Unloading 1118 Unused Serialized files (Serialized files now loaded: 0)
System memory in use before: 57.0 MB.
System memory in use after: 57.1 MB.

Unloading 4 unused Assets to reduce memory usage. Loaded Objects now: 1588.
Total: 1.314000 ms (FindLiveObjects: 0.117500 ms CreateObjectMapping: 0.025500 ms MarkObjects: 1.160300 ms  DeleteObjects: 0.010000 ms)

AssetImportWorkerClient::OnTransportError - code=2 error=End of file
